
> build
> vite build

[36mvite v5.4.21 [32mbuilding for production...[36m[39m
transforming...
[32m✓[39m 545 modules transformed.
rendering chunks...
computing gzip size...
[2mdist/[22m[32mindex.html                                                               [39m[1m[2m    0.96 kB[22m[1m[22m[2m │ gzip:   0.51 kB[22m
[2mdist/[22m[32massets/fa-v4compatibility-CpXC6oN1.woff2                                 [39m[1m[2m    4.80 kB[22m[1m[22m
[2mdist/[22m[32massets/fa-v4compatibility-_TnjveAY.ttf                                   [39m[1m[2m   10.83 kB[22m[1m[22m
[2mdist/[22m[32massets/fa-regular-400-D2J4JcCD.woff2                                     [39m[1m[2m   25.48 kB[22m[1m[22m
[2mdist/[22m[32massets/fa-regular-400-Di1vRWh1.ttf                                       [39m[1m[2m   68.06 kB[22m[1m[22m
[2mdist/[22m[32massets/V8mQoQDjQSkFtoMM3T6r8E7mF71Q-gOoraIAEj4PVksj-Bx5ssXV-.ttf         [39m[1m[2m   69.31 kB[22m[1m[22m
[2mdist/[22m[32massets/V8mQoQDjQSkFtoMM3T6r8E7mF71Q-gOoraIAEj42Vksj-DjqJml4C.ttf         [39m[1m[2m   69.36 kB[22m[1m[22m
[2mdist/[22m[32massets/V8mQoQDjQSkFtoMM3T6r8E7mF71Q-gOoraIAEj7oUUsj-DpFQlKNO.ttf         [39m[1m[2m   69.36 kB[22m[1m[22m
[2mdist/[22m[32massets/V8mQoQDjQSkFtoMM3T6r8E7mF71Q-gOoraIAEj7aUUsj-DnsmCY5X.ttf         [39m[1m[2m   69.42 kB[22m[1m[22m
[2mdist/[22m[32massets/nuFRD-vYSZviVYUb_rj3ij__anPXDTnCjmHKM4nYO7KN_k-UbtY-ClIDIzmi.ttf  [39m[1m[2m  111.13 kB[22m[1m[22m
[2mdist/[22m[32massets/fa-brands-400-xIUy2dUv.woff2                                      [39m[1m[2m  116.67 kB[22m[1m[22m
[2mdist/[22m[32massets/nuFvD-vYSZviVYUb_rj3ij__anPXJzDwcbmjWBN2PKeiukDQ-Dle4x85Y.ttf     [39m[1m[2m  123.54 kB[22m[1m[22m
[2mdist/[22m[32massets/nuFvD-vYSZviVYUb_rj3ij__anPXJzDwcbmjWBN2PKfFukDQ-BOD_wz_i.ttf     [39m[1m[2m  123.61 kB[22m[1m[22m
[2mdist/[22m[32massets/fa-solid-900-DQw_EAxt.woff2                                       [39m[1m[2m  156.53 kB[22m[1m[22m
[2mdist/[22m[32massets/fa-brands-400-CW6tmtts.ttf                                        [39m[1m[2m  206.48 kB[22m[1m[22m
[2mdist/[22m[32massets/UcCO3FwrK3iLTeHuS_nVMrMxCp50SjIw2boKoduKmMEVuLyfMZg-BMa5IoM-.ttf  [39m[1m[2m  324.82 kB[22m[1m[22m
[2mdist/[22m[32massets/UcCO3FwrK3iLTeHuS_nVMrMxCp50SjIw2boKoduKmMEVuI6fMZg-DvphOyYU.ttf  [39m[1m[2m  325.30 kB[22m[1m[22m
[2mdist/[22m[32massets/UcCO3FwrK3iLTeHuS_nVMrMxCp50SjIw2boKoduKmMEVuOKfMZg-Dmr5bJse.ttf  [39m[1m[2m  325.75 kB[22m[1m[22m
[2mdist/[22m[32massets/UcCO3FwrK3iLTeHuS_nVMrMxCp50SjIw2boKoduKmMEVuGKYMZg-BEUPqj-s.ttf  [39m[1m[2m  326.05 kB[22m[1m[22m
[2mdist/[22m[32massets/UcCO3FwrK3iLTeHuS_nVMrMxCp50SjIw2boKoduKmMEVuFuYMZg-DJlYPwri.ttf  [39m[1m[2m  326.47 kB[22m[1m[22m
[2mdist/[22m[32massets/UcCO3FwrK3iLTeHuS_nVMrMxCp50SjIw2boKoduKmMEVuBWYMZg-Df2_ZCRu.ttf  [39m[1m[2m  327.26 kB[22m[1m[22m
[2mdist/[22m[32massets/UcCO3FwrK3iLTeHuS_nVMrMxCp50SjIw2boKoduKmMEVuDyYMZg-Cfj_m2VG.ttf  [39m[1m[2m  327.32 kB[22m[1m[22m
[2mdist/[22m[32massets/fa-solid-900-CCC0xt37.ttf                                         [39m[1m[2m  419.78 kB[22m[1m[22m
[2mdist/[22m[35massets/index-6MEapQYc.css                                                [39m[1m[2m  104.08 kB[22m[1m[22m[2m │ gzip:  25.30 kB[22m
[2mdist/[22m[36massets/purify.es-BwoZCkIS.js                                             [39m[1m[2m   22.03 kB[22m[1m[22m[2m │ gzip:   8.77 kB[22m
[2mdist/[22m[36massets/index.es-BU-TevbF.js                                              [39m[1m[2m  150.69 kB[22m[1m[22m[2m │ gzip:  51.55 kB[22m
[2mdist/[22m[36massets/html2canvas.esm-CBrSDip1.js                                       [39m[1m[2m  201.42 kB[22m[1m[22m[2m │ gzip:  48.03 kB[22m
[2mdist/[22m[36massets/index-CqGIHKmr.js                                                 [39m[1m[33m1,410.60 kB[39m[22m[2m │ gzip: 429.20 kB[22m
[33m
(!) Some chunks are larger than 500 kB after minification. Consider:
- Using dynamic import() to code-split the application
- Use build.rollupOptions.output.manualChunks to improve chunking: https://rollupjs.org/configuration-options/#output-manualchunks
- Adjust chunk size limit for this warning via build.chunkSizeWarningLimit.[39m
[32m✓ built in 9.17s[39m
